app/build/intermediates/manifest_merge_blame_file/debug/processDebugMainManifest/manifest-merger-blame-debug-report.txt
1<?xml version="1.0" encoding="utf-8"?>
2<manifest xmlns:android="http://schemas.android.com/apk/res/android"
3    package="com.locai.app"
4    android:versionCode="1"
5    android:versionName="1.0" >
6
7    <uses-sdk
7-->INJECTED
8        android:minSdkVersion="26"
8-->INJECTED
9        android:targetSdkVersion="36" />
9-->INJECTED
10
11    <uses-permission android:name="android.permission.INTERNET" />
11-->src\main\AndroidManifest.xml:5:5-67
11-->src\main\AndroidManifest.xml:5:22-64
12    <uses-permission android:name="android.permission.ACCESS_NETWORK_STATE" />
12-->src\main\AndroidManifest.xml:6:5-79
12-->src\main\AndroidManifest.xml:6:22-76
13    <uses-permission android:name="android.permission.FOREGROUND_SERVICE" />
13-->src\main\AndroidManifest.xml:7:5-77
13-->src\main\AndroidManifest.xml:7:22-74
14    <uses-permission android:name="android.permission.FOREGROUND_SERVICE_DATA_SYNC" />
14-->src\main\AndroidManifest.xml:8:5-87
14-->src\main\AndroidManifest.xml:8:22-84
15
16    <permission
16-->[androidx.core:core:1.13.1] AndroidManifest.xml:22:5-24:47
17        android:name="com.locai.app.DYNAMIC_RECEIVER_NOT_EXPORTED_PERMISSION"
17-->[androidx.core:core:1.13.1] AndroidManifest.xml:23:9-81
18        android:protectionLevel="signature" />
18-->[androidx.core:core:1.13.1] AndroidManifest.xml:24:9-44
19
20    <uses-permission android:name="com.locai.app.DYNAMIC_RECEIVER_NOT_EXPORTED_PERMISSION" />
20-->[androidx.core:core:1.13.1] AndroidManifest.xml:26:5-97
20-->[androidx.core:core:1.13.1] AndroidManifest.xml:26:22-94
21
22    <application
22-->src\main\AndroidManifest.xml:10:5-37:19
23        android:name="com.locai.app.LocAiApplication"
23-->src\main\AndroidManifest.xml:11:9-41
24        android:allowBackup="true"
24-->src\main\AndroidManifest.xml:12:9-35
25        android:appComponentFactory="androidx.core.app.CoreComponentFactory"
25-->[androidx.core:core:1.13.1] AndroidManifest.xml:28:18-86
26        android:dataExtractionRules="@xml/data_extraction_rules"
26-->src\main\AndroidManifest.xml:13:9-65
27        android:debuggable="true"
28        android:extractNativeLibs="false"
28-->INJECTED
29        android:fullBackupContent="@xml/backup_rules"
29-->src\main\AndroidManifest.xml:14:9-54
30        android:icon="@mipmap/ic_launcher"
30-->src\main\AndroidManifest.xml:15:9-43
31        android:label="@string/app_name"
31-->src\main\AndroidManifest.xml:16:9-41
32        android:roundIcon="@mipmap/ic_launcher_round"
32-->src\main\AndroidManifest.xml:17:9-54
33        android:supportsRtl="true"
33-->src\main\AndroidManifest.xml:18:9-35
34        android:theme="@style/Theme.LocAi" >
34-->src\main\AndroidManifest.xml:19:9-43
35        <service
35-->src\main\AndroidManifest.xml:20:9-23:40
36            android:name="com.locai.app.service.ModelDownloadService"
36-->src\main\AndroidManifest.xml:21:13-57
37            android:exported="false"
37-->src\main\AndroidManifest.xml:23:13-37
38            android:foregroundServiceType="dataSync" />
38-->src\main\AndroidManifest.xml:22:13-53
39
40        <activity
40-->src\main\AndroidManifest.xml:25:9-36:20
41            android:name="com.locai.app.MainActivity"
41-->src\main\AndroidManifest.xml:26:13-41
42            android:exported="true"
42-->src\main\AndroidManifest.xml:27:13-36
43            android:label="@string/app_name"
43-->src\main\AndroidManifest.xml:28:13-45
44            android:theme="@style/Theme.LocAi"
44-->src\main\AndroidManifest.xml:29:13-47
45            android:windowSoftInputMode="adjustResize" >
45-->src\main\AndroidManifest.xml:30:13-55
46            <intent-filter>
46-->src\main\AndroidManifest.xml:31:13-35:29
47                <action android:name="android.intent.action.MAIN" />
47-->src\main\AndroidManifest.xml:32:17-69
47-->src\main\AndroidManifest.xml:32:25-66
48
49                <category android:name="android.intent.category.LAUNCHER" />
49-->src\main\AndroidManifest.xml:34:17-77
49-->src\main\AndroidManifest.xml:34:27-74
50            </intent-filter>
51        </activity>
52
53        <service
53-->[androidx.room:room-runtime-android:2.7.1] AndroidManifest.xml:24:9-28:63
54            android:name="androidx.room.MultiInstanceInvalidationService"
54-->[androidx.room:room-runtime-android:2.7.1] AndroidManifest.xml:25:13-74
55            android:directBootAware="true"
55-->[androidx.room:room-runtime-android:2.7.1] AndroidManifest.xml:26:13-43
56            android:exported="false" />
56-->[androidx.room:room-runtime-android:2.7.1] AndroidManifest.xml:27:13-37
57
58        <activity
58-->[androidx.compose.ui:ui-tooling-android:1.7.2] AndroidManifest.xml:23:9-25:39
59            android:name="androidx.compose.ui.tooling.PreviewActivity"
59-->[androidx.compose.ui:ui-tooling-android:1.7.2] AndroidManifest.xml:24:13-71
60            android:exported="true" />
60-->[androidx.compose.ui:ui-tooling-android:1.7.2] AndroidManifest.xml:25:13-36
61        <activity
61-->[androidx.compose.ui:ui-test-manifest:1.7.2] AndroidManifest.xml:23:9-25:39
62            android:name="androidx.activity.ComponentActivity"
62-->[androidx.compose.ui:ui-test-manifest:1.7.2] AndroidManifest.xml:24:13-63
63            android:exported="true" />
63-->[androidx.compose.ui:ui-test-manifest:1.7.2] AndroidManifest.xml:25:13-36
64
65        <provider
65-->[androidx.emoji2:emoji2:1.3.0] AndroidManifest.xml:24:9-32:20
66            android:name="androidx.startup.InitializationProvider"
66-->[androidx.emoji2:emoji2:1.3.0] AndroidManifest.xml:25:13-67
67            android:authorities="com.locai.app.androidx-startup"
67-->[androidx.emoji2:emoji2:1.3.0] AndroidManifest.xml:26:13-68
68            android:exported="false" >
68-->[androidx.emoji2:emoji2:1.3.0] AndroidManifest.xml:27:13-37
69            <meta-data
69-->[androidx.emoji2:emoji2:1.3.0] AndroidManifest.xml:29:13-31:52
70                android:name="androidx.emoji2.text.EmojiCompatInitializer"
70-->[androidx.emoji2:emoji2:1.3.0] AndroidManifest.xml:30:17-75
71                android:value="androidx.startup" />
71-->[androidx.emoji2:emoji2:1.3.0] AndroidManifest.xml:31:17-49
72            <meta-data
72-->[androidx.lifecycle:lifecycle-process:2.8.7] AndroidManifest.xml:29:13-31:52
73                android:name="androidx.lifecycle.ProcessLifecycleInitializer"
73-->[androidx.lifecycle:lifecycle-process:2.8.7] AndroidManifest.xml:30:17-78
74                android:value="androidx.startup" />
74-->[androidx.lifecycle:lifecycle-process:2.8.7] AndroidManifest.xml:31:17-49
75            <meta-data
75-->[androidx.profileinstaller:profileinstaller:1.3.1] AndroidManifest.xml:29:13-31:52
76                android:name="androidx.profileinstaller.ProfileInstallerInitializer"
76-->[androidx.profileinstaller:profileinstaller:1.3.1] AndroidManifest.xml:30:17-85
77                android:value="androidx.startup" />
77-->[androidx.profileinstaller:profileinstaller:1.3.1] AndroidManifest.xml:31:17-49
78        </provider>
79        <!--
80             Applications that target Android S+ require explicit declaration of
81             any referenced vendor-provided libraries.
82        -->
83        <uses-native-library
83-->[com.google.mediapipe:tasks-genai:0.10.27] AndroidManifest.xml:15:9-17:40
84            android:name="libOpenCL.so"
84-->[com.google.mediapipe:tasks-genai:0.10.27] AndroidManifest.xml:16:13-40
85            android:required="false" />
85-->[com.google.mediapipe:tasks-genai:0.10.27] AndroidManifest.xml:17:13-37
86        <uses-native-library
86-->[com.google.mediapipe:tasks-genai:0.10.27] AndroidManifest.xml:15:9-17:40
87            android:name="libOpenCL-car.so"
87-->[com.google.mediapipe:tasks-genai:0.10.27] AndroidManifest.xml:16:13-40
88            android:required="false" />
88-->[com.google.mediapipe:tasks-genai:0.10.27] AndroidManifest.xml:17:13-37
89        <uses-native-library
89-->[com.google.mediapipe:tasks-genai:0.10.27] AndroidManifest.xml:15:9-17:40
90            android:name="libOpenCL-pixel.so"
90-->[com.google.mediapipe:tasks-genai:0.10.27] AndroidManifest.xml:16:13-40
91            android:required="false" />
91-->[com.google.mediapipe:tasks-genai:0.10.27] AndroidManifest.xml:17:13-37
92
93        <service
93-->[com.google.android.datatransport:transport-backend-cct:3.1.0] AndroidManifest.xml:29:9-35:19
94            android:name="com.google.android.datatransport.runtime.backends.TransportBackendDiscovery"
94-->[com.google.android.datatransport:transport-backend-cct:3.1.0] AndroidManifest.xml:30:13-103
95            android:exported="false" >
95-->[com.google.android.datatransport:transport-backend-cct:3.1.0] AndroidManifest.xml:31:13-37
96            <meta-data
96-->[com.google.android.datatransport:transport-backend-cct:3.1.0] AndroidManifest.xml:32:13-34:39
97                android:name="backend:com.google.android.datatransport.cct.CctBackendFactory"
97-->[com.google.android.datatransport:transport-backend-cct:3.1.0] AndroidManifest.xml:33:17-94
98                android:value="cct" />
98-->[com.google.android.datatransport:transport-backend-cct:3.1.0] AndroidManifest.xml:34:17-36
99        </service>
100        <service
100-->[com.google.android.datatransport:transport-runtime:3.1.0] AndroidManifest.xml:26:9-30:19
101            android:name="com.google.android.datatransport.runtime.scheduling.jobscheduling.JobInfoSchedulerService"
101-->[com.google.android.datatransport:transport-runtime:3.1.0] AndroidManifest.xml:27:13-117
102            android:exported="false"
102-->[com.google.android.datatransport:transport-runtime:3.1.0] AndroidManifest.xml:28:13-37
103            android:permission="android.permission.BIND_JOB_SERVICE" >
103-->[com.google.android.datatransport:transport-runtime:3.1.0] AndroidManifest.xml:29:13-69
104        </service>
105
106        <receiver
106-->[com.google.android.datatransport:transport-runtime:3.1.0] AndroidManifest.xml:32:9-34:40
107            android:name="com.google.android.datatransport.runtime.scheduling.jobscheduling.AlarmManagerSchedulerBroadcastReceiver"
107-->[com.google.android.datatransport:transport-runtime:3.1.0] AndroidManifest.xml:33:13-132
108            android:exported="false" />
108-->[com.google.android.datatransport:transport-runtime:3.1.0] AndroidManifest.xml:34:13-37
109        <receiver
109-->[androidx.profileinstaller:profileinstaller:1.3.1] AndroidManifest.xml:34:9-52:20
110            android:name="androidx.profileinstaller.ProfileInstallReceiver"
110-->[androidx.profileinstaller:profileinstaller:1.3.1] AndroidManifest.xml:35:13-76
111            android:directBootAware="false"
111-->[androidx.profileinstaller:profileinstaller:1.3.1] AndroidManifest.xml:36:13-44
112            android:enabled="true"
112-->[androidx.profileinstaller:profileinstaller:1.3.1] AndroidManifest.xml:37:13-35
113            android:exported="true"
113-->[androidx.profileinstaller:profileinstaller:1.3.1] AndroidManifest.xml:38:13-36
114            android:permission="android.permission.DUMP" >
114-->[androidx.profileinstaller:profileinstaller:1.3.1] AndroidManifest.xml:39:13-57
115            <intent-filter>
115-->[androidx.profileinstaller:profileinstaller:1.3.1] AndroidManifest.xml:40:13-42:29
116                <action android:name="androidx.profileinstaller.action.INSTALL_PROFILE" />
116-->[androidx.profileinstaller:profileinstaller:1.3.1] AndroidManifest.xml:41:17-91
116-->[androidx.profileinstaller:profileinstaller:1.3.1] AndroidManifest.xml:41:25-88
117            </intent-filter>
118            <intent-filter>
118-->[androidx.profileinstaller:profileinstaller:1.3.1] AndroidManifest.xml:43:13-45:29
119                <action android:name="androidx.profileinstaller.action.SKIP_FILE" />
119-->[androidx.profileinstaller:profileinstaller:1.3.1] AndroidManifest.xml:44:17-85
119-->[androidx.profileinstaller:profileinstaller:1.3.1] AndroidManifest.xml:44:25-82
120            </intent-filter>
121            <intent-filter>
121-->[androidx.profileinstaller:profileinstaller:1.3.1] AndroidManifest.xml:46:13-48:29
122                <action android:name="androidx.profileinstaller.action.SAVE_PROFILE" />
122-->[androidx.profileinstaller:profileinstaller:1.3.1] AndroidManifest.xml:47:17-88
122-->[androidx.profileinstaller:profileinstaller:1.3.1] AndroidManifest.xml:47:25-85
123            </intent-filter>
124            <intent-filter>
124-->[androidx.profileinstaller:profileinstaller:1.3.1] AndroidManifest.xml:49:13-51:29
125                <action android:name="androidx.profileinstaller.action.BENCHMARK_OPERATION" />
125-->[androidx.profileinstaller:profileinstaller:1.3.1] AndroidManifest.xml:50:17-95
125-->[androidx.profileinstaller:profileinstaller:1.3.1] AndroidManifest.xml:50:25-92
126            </intent-filter>
127        </receiver>
128    </application>
129
130</manifest>